This file contains any messages produced by compilers while
running configure, to aid debugging if configure makes a mistake.

It was created by neard configure 0.15, which was
generated by GNU Autoconf 2.69.  Invocation command line was

  $ ./configure --enable-maintainer-mode --enable-debug --disable-systemd --prefix=/usr --enable-ese --sysconfdir=/etc --enable-tools

## --------- ##
## Platform. ##
## --------- ##

hostname = sheen-virtual-machine
uname -m = x86_64
uname -r = 3.13.0-32-generic
uname -s = Linux
uname -v = #57-Ubuntu SMP Tue Jul 15 03:51:08 UTC 2014

/usr/bin/uname -p = unknown
/bin/uname -X     = unknown

/bin/arch              = unknown
/usr/bin/arch -k       = unknown
/usr/convex/getsysinfo = unknown
/usr/bin/hostinfo      = unknown
/bin/machine           = unknown
/usr/bin/oslevel       = unknown
/bin/universe          = unknown

PATH: /usr/local/sbin
PATH: /usr/local/bin
PATH: /usr/sbin
PATH: /usr/bin
PATH: /sbin
PATH: /bin
PATH: /usr/games
PATH: /usr/local/games
PATH: /home/sheen/wsnpr/util


## ----------- ##
## Core tests. ##
## ----------- ##

configure:2276: checking for a BSD-compatible install
configure:2344: result: /usr/bin/install -c
configure:2355: checking whether build environment is sane
configure:2410: result: yes
configure:2561: checking for a thread-safe mkdir -p
configure:2600: result: /bin/mkdir -p
configure:2607: checking for gawk
configure:2623: found /usr/bin/gawk
configure:2634: result: gawk
configure:2645: checking whether make sets $(MAKE)
configure:2667: result: yes
configure:2696: checking whether make supports nested variables
configure:2713: result: yes
configure:2852: checking whether make supports nested variables
configure:2869: result: yes
configure:2882: checking whether to enable maintainer-specific portions of Makefiles
configure:2891: result: yes
configure:2970: checking for pkg-config
configure:2988: found /usr/bin/pkg-config
configure:3000: result: /usr/bin/pkg-config
configure:3025: checking pkg-config is at least version 0.9.0
configure:3028: result: yes
configure:3108: checking for gcc
configure:3124: found /usr/bin/gcc
configure:3135: result: gcc
configure:3364: checking for C compiler version
configure:3373: gcc --version >&5
gcc (Ubuntu 4.8.2-19ubuntu1) 4.8.2
Copyright (C) 2013 Free Software Foundation, Inc.
This is free software; see the source for copying conditions.  There is NO
warranty; not even for MERCHANTABILITY or FITNESS FOR A PARTICULAR PURPOSE.

configure:3384: $? = 0
configure:3373: gcc -v >&5
Using built-in specs.
COLLECT_GCC=gcc
COLLECT_LTO_WRAPPER=/usr/lib/gcc/x86_64-linux-gnu/4.8/lto-wrapper
Target: x86_64-linux-gnu
Configured with: ../src/configure -v --with-pkgversion='Ubuntu 4.8.2-19ubuntu1' --with-bugurl=file:///usr/share/doc/gcc-4.8/README.Bugs --enable-languages=c,c++,java,go,d,fortran,objc,obj-c++ --prefix=/usr --program-suffix=-4.8 --enable-shared --enable-linker-build-id --libexecdir=/usr/lib --without-included-gettext --enable-threads=posix --with-gxx-include-dir=/usr/include/c++/4.8 --libdir=/usr/lib --enable-nls --with-sysroot=/ --enable-clocale=gnu --enable-libstdcxx-debug --enable-libstdcxx-time=yes --enable-gnu-unique-object --disable-libmudflap --enable-plugin --with-system-zlib --disable-browser-plugin --enable-java-awt=gtk --enable-gtk-cairo --with-java-home=/usr/lib/jvm/java-1.5.0-gcj-4.8-amd64/jre --enable-java-home --with-jvm-root-dir=/usr/lib/jvm/java-1.5.0-gcj-4.8-amd64 --with-jvm-jar-dir=/usr/lib/jvm-exports/java-1.5.0-gcj-4.8-amd64 --with-arch-directory=amd64 --with-ecj-jar=/usr/share/java/eclipse-ecj.jar --enable-objc-gc --enable-multiarch --disable-werror --with-arch-32=i686 --with-abi=m64 --with-multilib-list=m32,m64,mx32 --with-tune=generic --enable-checking=release --build=x86_64-linux-gnu --host=x86_64-linux-gnu --target=x86_64-linux-gnu
Thread model: posix
gcc version 4.8.2 (Ubuntu 4.8.2-19ubuntu1) 
configure:3384: $? = 0
configure:3373: gcc -V >&5
gcc: error: unrecognized command line option '-V'
gcc: fatal error: no input files
compilation terminated.
configure:3384: $? = 4
configure:3373: gcc -qversion >&5
gcc: error: unrecognized command line option '-qversion'
gcc: fatal error: no input files
compilation terminated.
configure:3384: $? = 4
configure:3404: checking whether the C compiler works
configure:3426: gcc -Wall -O2 -D_FORTIFY_SOURCE=2 -Werror -Wextra -Wno-unused-parameter -Wno-missing-field-initializers -Wdeclaration-after-statement -Wmissing-declarations -Wredundant-decls -Wcast-align -DG_DISABLE_DEPRECATED   conftest.c  >&5
configure:3430: $? = 0
configure:3478: result: yes
configure:3481: checking for C compiler default output file name
configure:3483: result: a.out
configure:3489: checking for suffix of executables
configure:3496: gcc -o conftest -Wall -O2 -D_FORTIFY_SOURCE=2 -Werror -Wextra -Wno-unused-parameter -Wno-missing-field-initializers -Wdeclaration-after-statement -Wmissing-declarations -Wredundant-decls -Wcast-align -DG_DISABLE_DEPRECATED   conftest.c  >&5
configure:3500: $? = 0
configure:3522: result: 
configure:3544: checking whether we are cross compiling
configure:3552: gcc -o conftest -Wall -O2 -D_FORTIFY_SOURCE=2 -Werror -Wextra -Wno-unused-parameter -Wno-missing-field-initializers -Wdeclaration-after-statement -Wmissing-declarations -Wredundant-decls -Wcast-align -DG_DISABLE_DEPRECATED   conftest.c  >&5
configure:3556: $? = 0
configure:3563: ./conftest
configure:3567: $? = 0
configure:3582: result: no
configure:3587: checking for suffix of object files
configure:3609: gcc -c -Wall -O2 -D_FORTIFY_SOURCE=2 -Werror -Wextra -Wno-unused-parameter -Wno-missing-field-initializers -Wdeclaration-after-statement -Wmissing-declarations -Wredundant-decls -Wcast-align -DG_DISABLE_DEPRECATED  conftest.c >&5
configure:3613: $? = 0
configure:3634: result: o
configure:3638: checking whether we are using the GNU C compiler
configure:3657: gcc -c -Wall -O2 -D_FORTIFY_SOURCE=2 -Werror -Wextra -Wno-unused-parameter -Wno-missing-field-initializers -Wdeclaration-after-statement -Wmissing-declarations -Wredundant-decls -Wcast-align -DG_DISABLE_DEPRECATED  conftest.c >&5
configure:3657: $? = 0
configure:3666: result: yes
configure:3675: checking whether gcc accepts -g
configure:3695: gcc -c -g  conftest.c >&5
configure:3695: $? = 0
configure:3736: result: yes
configure:3753: checking for gcc option to accept ISO C89
configure:3816: gcc  -c -Wall -O2 -D_FORTIFY_SOURCE=2 -Werror -Wextra -Wno-unused-parameter -Wno-missing-field-initializers -Wdeclaration-after-statement -Wmissing-declarations -Wredundant-decls -Wcast-align -DG_DISABLE_DEPRECATED  conftest.c >&5
configure:3816: $? = 0
configure:3829: result: none needed
configure:3854: checking whether gcc understands -c and -o together
configure:3876: gcc -c conftest.c -o conftest2.o
configure:3879: $? = 0
configure:3876: gcc -c conftest.c -o conftest2.o
configure:3879: $? = 0
configure:3891: result: yes
configure:3919: checking for style of include used by make
configure:3947: result: GNU
configure:3973: checking dependency style of gcc
configure:4084: result: gcc3
configure:4100: checking whether gcc accepts -fPIE
configure:4115: result: yes
configure:4153: checking build system type
configure:4167: result: x86_64-unknown-linux-gnu
configure:4187: checking host system type
configure:4200: result: x86_64-unknown-linux-gnu
configure:4241: checking how to print strings
configure:4268: result: printf
configure:4289: checking for a sed that does not truncate output
configure:4353: result: /bin/sed
configure:4371: checking for grep that handles long lines and -e
configure:4429: result: /bin/grep
configure:4434: checking for egrep
configure:4496: result: /bin/grep -E
configure:4501: checking for fgrep
configure:4563: result: /bin/grep -F
configure:4598: checking for ld used by gcc
configure:4665: result: /usr/bin/ld
configure:4672: checking if the linker (/usr/bin/ld) is GNU ld
configure:4687: result: yes
configure:4699: checking for BSD- or MS-compatible name lister (nm)
configure:4748: result: /usr/bin/nm -B
configure:4878: checking the name lister (/usr/bin/nm -B) interface
configure:4885: gcc -c -Wall -O2 -D_FORTIFY_SOURCE=2 -Werror -Wextra -Wno-unused-parameter -Wno-missing-field-initializers -Wdeclaration-after-statement -Wmissing-declarations -Wredundant-decls -Wcast-align -DG_DISABLE_DEPRECATED  conftest.c >&5
configure:4888: /usr/bin/nm -B "conftest.o"
configure:4891: output
0000000000000000 B some_variable
configure:4898: result: BSD nm
configure:4901: checking whether ln -s works
configure:4905: result: yes
configure:4913: checking the maximum length of command line arguments
configure:5044: result: 1572864
configure:5061: checking whether the shell understands some XSI constructs
configure:5071: result: yes
configure:5075: checking whether the shell understands "+="
configure:5081: result: yes
configure:5116: checking how to convert x86_64-unknown-linux-gnu file names to x86_64-unknown-linux-gnu format
configure:5156: result: func_convert_file_noop
configure:5163: checking how to convert x86_64-unknown-linux-gnu file names to toolchain format
configure:5183: result: func_convert_file_noop
configure:5190: checking for /usr/bin/ld option to reload object files
configure:5197: result: -r
configure:5271: checking for objdump
configure:5287: found /usr/bin/objdump
configure:5298: result: objdump
configure:5330: checking how to recognize dependent libraries
configure:5528: result: pass_all
configure:5613: checking for dlltool
configure:5643: result: no
configure:5673: checking how to associate runtime and link libraries
configure:5700: result: printf %s\n
configure:5761: checking for ar
configure:5777: found /usr/bin/ar
configure:5788: result: ar
configure:5825: checking for archiver @FILE support
configure:5842: gcc -c -Wall -O2 -D_FORTIFY_SOURCE=2 -Werror -Wextra -Wno-unused-parameter -Wno-missing-field-initializers -Wdeclaration-after-statement -Wmissing-declarations -Wredundant-decls -Wcast-align -DG_DISABLE_DEPRECATED  conftest.c >&5
configure:5842: $? = 0
configure:5845: ar cru libconftest.a @conftest.lst >&5
configure:5848: $? = 0
configure:5853: ar cru libconftest.a @conftest.lst >&5
ar: conftest.o: No such file or directory
configure:5856: $? = 1
configure:5868: result: @
configure:5926: checking for strip
configure:5942: found /usr/bin/strip
configure:5953: result: strip
configure:6025: checking for ranlib
configure:6041: found /usr/bin/ranlib
configure:6052: result: ranlib
configure:6154: checking command to parse /usr/bin/nm -B output from gcc object
configure:6274: gcc -c -Wall -O2 -D_FORTIFY_SOURCE=2 -Werror -Wextra -Wno-unused-parameter -Wno-missing-field-initializers -Wdeclaration-after-statement -Wmissing-declarations -Wredundant-decls -Wcast-align -DG_DISABLE_DEPRECATED  conftest.c >&5
configure:6277: $? = 0
configure:6281: /usr/bin/nm -B conftest.o \| sed -n -e 's/^.*[ ]\([ABCDGIRSTW][ABCDGIRSTW]*\)[ ][ ]*\([_A-Za-z][_A-Za-z0-9]*\)$/\1 \2 \2/p' | sed '/ __gnu_lto/d' \> conftest.nm
configure:6284: $? = 0
configure:6350: gcc -o conftest -Wall -O2 -D_FORTIFY_SOURCE=2 -Werror -Wextra -Wno-unused-parameter -Wno-missing-field-initializers -Wdeclaration-after-statement -Wmissing-declarations -Wredundant-decls -Wcast-align -DG_DISABLE_DEPRECATED   conftest.c conftstm.o >&5
configure:6353: $? = 0
configure:6391: result: ok
configure:6428: checking for sysroot
configure:6458: result: no
configure:6535: gcc -c -Wall -O2 -D_FORTIFY_SOURCE=2 -Werror -Wextra -Wno-unused-parameter -Wno-missing-field-initializers -Wdeclaration-after-statement -Wmissing-declarations -Wredundant-decls -Wcast-align -DG_DISABLE_DEPRECATED  conftest.c >&5
configure:6538: $? = 0
configure:6727: checking for mt
configure:6743: found /bin/mt
configure:6754: result: mt
configure:6777: checking if mt is a manifest tool
configure:6783: mt '-?'
configure:6791: result: no
configure:7433: checking how to run the C preprocessor
configure:7464: gcc -E  conftest.c
configure:7464: $? = 0
configure:7478: gcc -E  conftest.c
conftest.c:11:28: fatal error: ac_nonexistent.h: No such file or directory
 #include <ac_nonexistent.h>
                            ^
compilation terminated.
configure:7478: $? = 1
configure: failed program was:
| /* confdefs.h */
| #define PACKAGE_NAME "neard"
| #define PACKAGE_TARNAME "neard"
| #define PACKAGE_VERSION "0.15"
| #define PACKAGE_STRING "neard 0.15"
| #define PACKAGE_BUGREPORT "linux-nfc@lists.01.org"
| #define PACKAGE_URL ""
| #define PACKAGE "neard"
| #define VERSION "0.15"
| /* end confdefs.h.  */
| #include <ac_nonexistent.h>
configure:7503: result: gcc -E
configure:7523: gcc -E  conftest.c
configure:7523: $? = 0
configure:7537: gcc -E  conftest.c
conftest.c:11:28: fatal error: ac_nonexistent.h: No such file or directory
 #include <ac_nonexistent.h>
                            ^
compilation terminated.
configure:7537: $? = 1
configure: failed program was:
| /* confdefs.h */
| #define PACKAGE_NAME "neard"
| #define PACKAGE_TARNAME "neard"
| #define PACKAGE_VERSION "0.15"
| #define PACKAGE_STRING "neard 0.15"
| #define PACKAGE_BUGREPORT "linux-nfc@lists.01.org"
| #define PACKAGE_URL ""
| #define PACKAGE "neard"
| #define VERSION "0.15"
| /* end confdefs.h.  */
| #include <ac_nonexistent.h>
configure:7566: checking for ANSI C header files
configure:7586: gcc -c -Wall -O2 -D_FORTIFY_SOURCE=2 -Werror -Wextra -Wno-unused-parameter -Wno-missing-field-initializers -Wdeclaration-after-statement -Wmissing-declarations -Wredundant-decls -Wcast-align -DG_DISABLE_DEPRECATED  conftest.c >&5
configure:7586: $? = 0
configure:7659: gcc -o conftest -Wall -O2 -D_FORTIFY_SOURCE=2 -Werror -Wextra -Wno-unused-parameter -Wno-missing-field-initializers -Wdeclaration-after-statement -Wmissing-declarations -Wredundant-decls -Wcast-align -DG_DISABLE_DEPRECATED   conftest.c  >&5
configure:7659: $? = 0
configure:7659: ./conftest
configure:7659: $? = 0
configure:7670: result: yes
configure:7683: checking for sys/types.h
configure:7683: gcc -c -Wall -O2 -D_FORTIFY_SOURCE=2 -Werror -Wextra -Wno-unused-parameter -Wno-missing-field-initializers -Wdeclaration-after-statement -Wmissing-declarations -Wredundant-decls -Wcast-align -DG_DISABLE_DEPRECATED  conftest.c >&5
configure:7683: $? = 0
configure:7683: result: yes
configure:7683: checking for sys/stat.h
configure:7683: gcc -c -Wall -O2 -D_FORTIFY_SOURCE=2 -Werror -Wextra -Wno-unused-parameter -Wno-missing-field-initializers -Wdeclaration-after-statement -Wmissing-declarations -Wredundant-decls -Wcast-align -DG_DISABLE_DEPRECATED  conftest.c >&5
configure:7683: $? = 0
configure:7683: result: yes
configure:7683: checking for stdlib.h
configure:7683: gcc -c -Wall -O2 -D_FORTIFY_SOURCE=2 -Werror -Wextra -Wno-unused-parameter -Wno-missing-field-initializers -Wdeclaration-after-statement -Wmissing-declarations -Wredundant-decls -Wcast-align -DG_DISABLE_DEPRECATED  conftest.c >&5
configure:7683: $? = 0
configure:7683: result: yes
configure:7683: checking for string.h
configure:7683: gcc -c -Wall -O2 -D_FORTIFY_SOURCE=2 -Werror -Wextra -Wno-unused-parameter -Wno-missing-field-initializers -Wdeclaration-after-statement -Wmissing-declarations -Wredundant-decls -Wcast-align -DG_DISABLE_DEPRECATED  conftest.c >&5
configure:7683: $? = 0
configure:7683: result: yes
configure:7683: checking for memory.h
configure:7683: gcc -c -Wall -O2 -D_FORTIFY_SOURCE=2 -Werror -Wextra -Wno-unused-parameter -Wno-missing-field-initializers -Wdeclaration-after-statement -Wmissing-declarations -Wredundant-decls -Wcast-align -DG_DISABLE_DEPRECATED  conftest.c >&5
configure:7683: $? = 0
configure:7683: result: yes
configure:7683: checking for strings.h
configure:7683: gcc -c -Wall -O2 -D_FORTIFY_SOURCE=2 -Werror -Wextra -Wno-unused-parameter -Wno-missing-field-initializers -Wdeclaration-after-statement -Wmissing-declarations -Wredundant-decls -Wcast-align -DG_DISABLE_DEPRECATED  conftest.c >&5
configure:7683: $? = 0
configure:7683: result: yes
configure:7683: checking for inttypes.h
configure:7683: gcc -c -Wall -O2 -D_FORTIFY_SOURCE=2 -Werror -Wextra -Wno-unused-parameter -Wno-missing-field-initializers -Wdeclaration-after-statement -Wmissing-declarations -Wredundant-decls -Wcast-align -DG_DISABLE_DEPRECATED  conftest.c >&5
configure:7683: $? = 0
configure:7683: result: yes
configure:7683: checking for stdint.h
configure:7683: gcc -c -Wall -O2 -D_FORTIFY_SOURCE=2 -Werror -Wextra -Wno-unused-parameter -Wno-missing-field-initializers -Wdeclaration-after-statement -Wmissing-declarations -Wredundant-decls -Wcast-align -DG_DISABLE_DEPRECATED  conftest.c >&5
configure:7683: $? = 0
configure:7683: result: yes
configure:7683: checking for unistd.h
configure:7683: gcc -c -Wall -O2 -D_FORTIFY_SOURCE=2 -Werror -Wextra -Wno-unused-parameter -Wno-missing-field-initializers -Wdeclaration-after-statement -Wmissing-declarations -Wredundant-decls -Wcast-align -DG_DISABLE_DEPRECATED  conftest.c >&5
configure:7683: $? = 0
configure:7683: result: yes
configure:7697: checking for dlfcn.h
configure:7697: gcc -c -Wall -O2 -D_FORTIFY_SOURCE=2 -Werror -Wextra -Wno-unused-parameter -Wno-missing-field-initializers -Wdeclaration-after-statement -Wmissing-declarations -Wredundant-decls -Wcast-align -DG_DISABLE_DEPRECATED  conftest.c >&5
configure:7697: $? = 0
configure:7697: result: yes
configure:7902: checking for objdir
configure:7917: result: .libs
configure:8188: checking if gcc supports -fno-rtti -fno-exceptions
configure:8206: gcc -c -Wall -O2 -D_FORTIFY_SOURCE=2 -Werror -Wextra -Wno-unused-parameter -Wno-missing-field-initializers -Wdeclaration-after-statement -Wmissing-declarations -Wredundant-decls -Wcast-align -DG_DISABLE_DEPRECATED  -fno-rtti -fno-exceptions conftest.c >&5
cc1: error: command line option '-fno-rtti' is valid for C++/ObjC++ but not for C [-Werror]
cc1: all warnings being treated as errors
configure:8210: $? = 1
configure:8223: result: no
configure:8550: checking for gcc option to produce PIC
configure:8557: result: -fPIC -DPIC
configure:8565: checking if gcc PIC flag -fPIC -DPIC works
configure:8583: gcc -c -Wall -O2 -D_FORTIFY_SOURCE=2 -Werror -Wextra -Wno-unused-parameter -Wno-missing-field-initializers -Wdeclaration-after-statement -Wmissing-declarations -Wredundant-decls -Wcast-align -DG_DISABLE_DEPRECATED  -fPIC -DPIC -DPIC conftest.c >&5
configure:8587: $? = 0
configure:8600: result: yes
configure:8629: checking if gcc static flag -static works
configure:8657: result: yes
configure:8672: checking if gcc supports -c -o file.o
configure:8693: gcc -c -Wall -O2 -D_FORTIFY_SOURCE=2 -Werror -Wextra -Wno-unused-parameter -Wno-missing-field-initializers -Wdeclaration-after-statement -Wmissing-declarations -Wredundant-decls -Wcast-align -DG_DISABLE_DEPRECATED  -o out/conftest2.o conftest.c >&5
configure:8697: $? = 0
configure:8719: result: yes
configure:8727: checking if gcc supports -c -o file.o
configure:8774: result: yes
configure:8807: checking whether the gcc linker (/usr/bin/ld -m elf_x86_64) supports shared libraries
configure:9964: result: yes
configure:10001: checking whether -lc should be explicitly linked in
configure:10009: gcc -c -Wall -O2 -D_FORTIFY_SOURCE=2 -Werror -Wextra -Wno-unused-parameter -Wno-missing-field-initializers -Wdeclaration-after-statement -Wmissing-declarations -Wredundant-decls -Wcast-align -DG_DISABLE_DEPRECATED  conftest.c >&5
configure:10012: $? = 0
configure:10027: gcc -shared  -fPIC -DPIC conftest.o  -v -Wl,-soname -Wl,conftest -o conftest 2\>\&1 \| /bin/grep  -lc  \>/dev/null 2\>\&1
configure:10030: $? = 0
configure:10044: result: no
configure:10204: checking dynamic linker characteristics
configure:10704: gcc -o conftest -Wall -O2 -D_FORTIFY_SOURCE=2 -Werror -Wextra -Wno-unused-parameter -Wno-missing-field-initializers -Wdeclaration-after-statement -Wmissing-declarations -Wredundant-decls -Wcast-align -DG_DISABLE_DEPRECATED   -Wl,-rpath -Wl,/foo conftest.c  >&5
configure:10704: $? = 0
configure:10938: result: GNU/Linux ld.so
configure:11045: checking how to hardcode library paths into programs
configure:11070: result: immediate
configure:11610: checking whether stripping libraries is possible
configure:11615: result: yes
configure:11650: checking if libtool supports shared libraries
configure:11652: result: yes
configure:11655: checking whether to build shared libraries
configure:11676: result: yes
configure:11679: checking whether to build static libraries
configure:11683: result: no
configure:11815: checking for dlopen in -ldl
configure:11840: gcc -o conftest -Wall -O2 -D_FORTIFY_SOURCE=2 -Werror -Wextra -Wno-unused-parameter -Wno-missing-field-initializers -Wdeclaration-after-statement -Wmissing-declarations -Wredundant-decls -Wcast-align -DG_DISABLE_DEPRECATED -g   conftest.c -ldl   >&5
configure:11840: $? = 0
configure:11849: result: yes
configure:11861: checking for GLIB
configure:11868: $PKG_CONFIG --exists --print-errors "${GLIB_DEPS}"
configure:11871: $? = 0
configure:11885: $PKG_CONFIG --exists --print-errors "${GLIB_DEPS}"
configure:11888: $? = 0
configure:11926: result: yes
configure:11937: checking for DBUS
configure:11944: $PKG_CONFIG --exists --print-errors "${DBUS_DEPS}"
configure:11947: $? = 0
configure:11961: $PKG_CONFIG --exists --print-errors "${DBUS_DEPS}"
configure:11964: $? = 0
configure:12002: result: yes
configure:12013: checking for LIBNL3
configure:12020: $PKG_CONFIG --exists --print-errors "${LIBNL3_DEPS}"
Package libnl-3.0 was not found in the pkg-config search path.
Perhaps you should add the directory containing `libnl-3.0.pc'
to the PKG_CONFIG_PATH environment variable
No package 'libnl-3.0' found
Package libnl-genl-3.0 was not found in the pkg-config search path.
Perhaps you should add the directory containing `libnl-genl-3.0.pc'
to the PKG_CONFIG_PATH environment variable
No package 'libnl-genl-3.0' found
configure:12023: $? = 1
configure:12037: $PKG_CONFIG --exists --print-errors "${LIBNL3_DEPS}"
Package libnl-3.0 was not found in the pkg-config search path.
Perhaps you should add the directory containing `libnl-3.0.pc'
to the PKG_CONFIG_PATH environment variable
No package 'libnl-3.0' found
Package libnl-genl-3.0 was not found in the pkg-config search path.
Perhaps you should add the directory containing `libnl-genl-3.0.pc'
to the PKG_CONFIG_PATH environment variable
No package 'libnl-genl-3.0' found
configure:12040: $? = 1
configure:12054: result: no
No package 'libnl-3.0' found
No package 'libnl-genl-3.0' found
configure:12074: checking for LIBNL2
configure:12081: $PKG_CONFIG --exists --print-errors "${LIBNL2_DEPS}"
Package libnl-2.0 was not found in the pkg-config search path.
Perhaps you should add the directory containing `libnl-2.0.pc'
to the PKG_CONFIG_PATH environment variable
No package 'libnl-2.0' found
configure:12084: $? = 1
configure:12098: $PKG_CONFIG --exists --print-errors "${LIBNL2_DEPS}"
Package libnl-2.0 was not found in the pkg-config search path.
Perhaps you should add the directory containing `libnl-2.0.pc'
to the PKG_CONFIG_PATH environment variable
No package 'libnl-2.0' found
configure:12101: $? = 1
configure:12115: result: no
No package 'libnl-2.0' found
configure:12135: checking for LIBNL1
configure:12142: $PKG_CONFIG --exists --print-errors "${LIBNL1_DEPS}"
configure:12145: $? = 0
configure:12159: $PKG_CONFIG --exists --print-errors "${LIBNL1_DEPS}"
configure:12162: $? = 0
configure:12200: result: yes
configure:12806: checking that generated files are newer than configure
configure:12812: result: done
configure:12887: creating ./config.status

## ---------------------- ##
## Running config.status. ##
## ---------------------- ##

This file was extended by neard config.status 0.15, which was
generated by GNU Autoconf 2.69.  Invocation command line was

  CONFIG_FILES    = 
  CONFIG_HEADERS  = 
  CONFIG_LINKS    = 
  CONFIG_COMMANDS = 
  $ ./config.status 

on sheen-virtual-machine

config.status:1133: creating Makefile
config.status:1133: creating include/version.h
config.status:1133: creating neard.pc
config.status:1133: creating config.h
config.status:1362: executing depfiles commands
config.status:1362: executing libtool commands

## ---------------- ##
## Cache variables. ##
## ---------------- ##

ac_cv_build=x86_64-unknown-linux-gnu
ac_cv_c_compiler_gnu=yes
ac_cv_env_CC_set=
ac_cv_env_CC_value=
ac_cv_env_CFLAGS_set=
ac_cv_env_CFLAGS_value=
ac_cv_env_CPPFLAGS_set=
ac_cv_env_CPPFLAGS_value=
ac_cv_env_CPP_set=
ac_cv_env_CPP_value=
ac_cv_env_DBUS_CFLAGS_set=
ac_cv_env_DBUS_CFLAGS_value=
ac_cv_env_DBUS_LIBS_set=
ac_cv_env_DBUS_LIBS_value=
ac_cv_env_GLIB_CFLAGS_set=
ac_cv_env_GLIB_CFLAGS_value=
ac_cv_env_GLIB_LIBS_set=
ac_cv_env_GLIB_LIBS_value=
ac_cv_env_LDFLAGS_set=
ac_cv_env_LDFLAGS_value=
ac_cv_env_LIBNL1_CFLAGS_set=
ac_cv_env_LIBNL1_CFLAGS_value=
ac_cv_env_LIBNL1_LIBS_set=
ac_cv_env_LIBNL1_LIBS_value=
ac_cv_env_LIBNL2_CFLAGS_set=
ac_cv_env_LIBNL2_CFLAGS_value=
ac_cv_env_LIBNL2_LIBS_set=
ac_cv_env_LIBNL2_LIBS_value=
ac_cv_env_LIBNL3_CFLAGS_set=
ac_cv_env_LIBNL3_CFLAGS_value=
ac_cv_env_LIBNL3_LIBS_set=
ac_cv_env_LIBNL3_LIBS_value=
ac_cv_env_LIBS_set=
ac_cv_env_LIBS_value=
ac_cv_env_PKG_CONFIG_LIBDIR_set=
ac_cv_env_PKG_CONFIG_LIBDIR_value=
ac_cv_env_PKG_CONFIG_PATH_set=
ac_cv_env_PKG_CONFIG_PATH_value=
ac_cv_env_PKG_CONFIG_set=
ac_cv_env_PKG_CONFIG_value=
ac_cv_env_build_alias_set=
ac_cv_env_build_alias_value=
ac_cv_env_host_alias_set=
ac_cv_env_host_alias_value=
ac_cv_env_target_alias_set=
ac_cv_env_target_alias_value=
ac_cv_header_dlfcn_h=yes
ac_cv_header_inttypes_h=yes
ac_cv_header_memory_h=yes
ac_cv_header_stdc=yes
ac_cv_header_stdint_h=yes
ac_cv_header_stdlib_h=yes
ac_cv_header_string_h=yes
ac_cv_header_strings_h=yes
ac_cv_header_sys_stat_h=yes
ac_cv_header_sys_types_h=yes
ac_cv_header_unistd_h=yes
ac_cv_host=x86_64-unknown-linux-gnu
ac_cv_lib_dl_dlopen=yes
ac_cv_objext=o
ac_cv_path_EGREP='/bin/grep -E'
ac_cv_path_FGREP='/bin/grep -F'
ac_cv_path_GREP=/bin/grep
ac_cv_path_SED=/bin/sed
ac_cv_path_ac_pt_PKG_CONFIG=/usr/bin/pkg-config
ac_cv_path_install='/usr/bin/install -c'
ac_cv_path_mkdir=/bin/mkdir
ac_cv_prog_AWK=gawk
ac_cv_prog_CPP='gcc -E'
ac_cv_prog_ac_ct_AR=ar
ac_cv_prog_ac_ct_CC=gcc
ac_cv_prog_ac_ct_MANIFEST_TOOL=mt
ac_cv_prog_ac_ct_OBJDUMP=objdump
ac_cv_prog_ac_ct_RANLIB=ranlib
ac_cv_prog_ac_ct_STRIP=strip
ac_cv_prog_cc_c89=
ac_cv_prog_cc_g=yes
ac_cv_prog_make_make_set=yes
am_cv_CC_dependencies_compiler_type=gcc3
am_cv_make_support_nested_variables=yes
am_cv_prog_cc_c_o=yes
lt_cv_ar_at_file=@
lt_cv_archive_cmds_need_lc=no
lt_cv_deplibs_check_method=pass_all
lt_cv_file_magic_cmd='$MAGIC_CMD'
lt_cv_file_magic_test_file=
lt_cv_ld_reload_flag=-r
lt_cv_nm_interface='BSD nm'
lt_cv_objdir=.libs
lt_cv_path_LD=/usr/bin/ld
lt_cv_path_NM='/usr/bin/nm -B'
lt_cv_path_mainfest_tool=no
lt_cv_prog_compiler_c_o=yes
lt_cv_prog_compiler_pic='-fPIC -DPIC'
lt_cv_prog_compiler_pic_works=yes
lt_cv_prog_compiler_rtti_exceptions=no
lt_cv_prog_compiler_static_works=yes
lt_cv_prog_gnu_ld=yes
lt_cv_sharedlib_from_linklib_cmd='printf %s\n'
lt_cv_shlibpath_overrides_runpath=no
lt_cv_sys_global_symbol_pipe='sed -n -e '\''s/^.*[	 ]\([ABCDGIRSTW][ABCDGIRSTW]*\)[	 ][	 ]*\([_A-Za-z][_A-Za-z0-9]*\)$/\1 \2 \2/p'\'' | sed '\''/ __gnu_lto/d'\'''
lt_cv_sys_global_symbol_to_c_name_address='sed -n -e '\''s/^: \([^ ]*\)[ ]*$/  {\"\1\", (void *) 0},/p'\'' -e '\''s/^[ABCDGIRSTW]* \([^ ]*\) \([^ ]*\)$/  {"\2", (void *) \&\2},/p'\'''
lt_cv_sys_global_symbol_to_c_name_address_lib_prefix='sed -n -e '\''s/^: \([^ ]*\)[ ]*$/  {\"\1\", (void *) 0},/p'\'' -e '\''s/^[ABCDGIRSTW]* \([^ ]*\) \(lib[^ ]*\)$/  {"\2", (void *) \&\2},/p'\'' -e '\''s/^[ABCDGIRSTW]* \([^ ]*\) \([^ ]*\)$/  {"lib\2", (void *) \&\2},/p'\'''
lt_cv_sys_global_symbol_to_cdecl='sed -n -e '\''s/^T .* \(.*\)$/extern int \1();/p'\'' -e '\''s/^[ABCDGIRSTW]* .* \(.*\)$/extern char \1;/p'\'''
lt_cv_sys_max_cmd_len=1572864
lt_cv_to_host_file_cmd=func_convert_file_noop
lt_cv_to_tool_file_cmd=func_convert_file_noop
neard_cv_prog_cc_pie=yes
pkg_cv_DBUS_CFLAGS='-I/usr/include/dbus-1.0 -I/usr/lib/x86_64-linux-gnu/dbus-1.0/include  '
pkg_cv_DBUS_LIBS='-ldbus-1  '
pkg_cv_GLIB_CFLAGS='-I/usr/include/glib-2.0 -I/usr/lib/x86_64-linux-gnu/glib-2.0/include  '
pkg_cv_GLIB_LIBS='-lglib-2.0  '
pkg_cv_LIBNL1_CFLAGS=' '
pkg_cv_LIBNL1_LIBS='-lnl  '

## ----------------- ##
## Output variables. ##
## ----------------- ##

ACLOCAL='${SHELL} /home/sheen/NFC/neard/missing aclocal-1.14'
AMDEPBACKSLASH='\'
AMDEP_FALSE='#'
AMDEP_TRUE=''
AMTAR='$${TAR-tar}'
AM_BACKSLASH='\'
AM_DEFAULT_V='$(AM_DEFAULT_VERBOSITY)'
AM_DEFAULT_VERBOSITY='0'
AM_V='$(V)'
AR='ar'
AUTOCONF='${SHELL} /home/sheen/NFC/neard/missing autoconf'
AUTOHEADER='${SHELL} /home/sheen/NFC/neard/missing autoheader'
AUTOMAKE='${SHELL} /home/sheen/NFC/neard/missing automake-1.14'
AWK='gawk'
CC='gcc'
CCDEPMODE='depmode=gcc3'
CFLAGS='-Wall -O2 -D_FORTIFY_SOURCE=2 -Werror -Wextra -Wno-unused-parameter -Wno-missing-field-initializers -Wdeclaration-after-statement -Wmissing-declarations -Wredundant-decls -Wcast-align -DG_DISABLE_DEPRECATED -g'
CPP='gcc -E'
CPPFLAGS=''
CYGPATH_W='echo'
DBUS_CFLAGS='-I/usr/include/dbus-1.0 -I/usr/lib/x86_64-linux-gnu/dbus-1.0/include  '
DBUS_DEPS='dbus-1 >= 1.2'
DBUS_LIBS='-ldbus-1  '
DEFS='-DHAVE_CONFIG_H'
DEPDIR='.deps'
DLLTOOL='false'
DSYMUTIL=''
DUMPBIN=''
ECHO_C=''
ECHO_N='-n'
ECHO_T=''
EGREP='/bin/grep -E'
ESE_FALSE='#'
ESE_TRUE=''
EXEEXT=''
FGREP='/bin/grep -F'
GLIB_CFLAGS='-I/usr/include/glib-2.0 -I/usr/lib/x86_64-linux-gnu/glib-2.0/include  '
GLIB_DEPS='glib-2.0 >= 2.28'
GLIB_LIBS='-lglib-2.0  '
GREP='/bin/grep'
INSTALL_DATA='${INSTALL} -m 644'
INSTALL_PROGRAM='${INSTALL}'
INSTALL_SCRIPT='${INSTALL}'
INSTALL_STRIP_PROGRAM='$(install_sh) -c -s'
LD='/usr/bin/ld -m elf_x86_64'
LDFLAGS=''
LIBNL1_CFLAGS=' '
LIBNL1_LIBS='-lnl  '
LIBNL2_CFLAGS=''
LIBNL2_LIBS=''
LIBNL3_CFLAGS=''
LIBNL3_LIBS=''
LIBOBJS=''
LIBS=''
LIBTOOL='$(SHELL) $(top_builddir)/libtool'
LIPO=''
LN_S='ln -s'
LTLIBOBJS=''
MAINT=''
MAINTAINER_MODE_FALSE='#'
MAINTAINER_MODE_TRUE=''
MAKEINFO='${SHELL} /home/sheen/NFC/neard/missing makeinfo'
MANIFEST_TOOL=':'
MKDIR_P='/bin/mkdir -p'
NETLINK_CFLAGS=' '
NETLINK_DEPS='libnl-1'
NETLINK_LIBS='-lnl  '
NFCTYPE1_FALSE='#'
NFCTYPE1_TRUE=''
NFCTYPE2_FALSE='#'
NFCTYPE2_TRUE=''
NFCTYPE3_FALSE='#'
NFCTYPE3_TRUE=''
NFCTYPE4_FALSE='#'
NFCTYPE4_TRUE=''
NFCTYPE5_FALSE='#'
NFCTYPE5_TRUE=''
NM='/usr/bin/nm -B'
NMEDIT=''
OBJDUMP='objdump'
OBJEXT='o'
OTOOL64=''
OTOOL=''
P2P_FALSE='#'
P2P_TRUE=''
PACKAGE='neard'
PACKAGE_BUGREPORT='linux-nfc@lists.01.org'
PACKAGE_NAME='neard'
PACKAGE_STRING='neard 0.15'
PACKAGE_TARNAME='neard'
PACKAGE_URL=''
PACKAGE_VERSION='0.15'
PATH_SEPARATOR=':'
PKG_CONFIG='/usr/bin/pkg-config'
PKG_CONFIG_LIBDIR=''
PKG_CONFIG_PATH=''
RANLIB='ranlib'
READLINE_FALSE=''
READLINE_TRUE='#'
SED='/bin/sed'
SET_MAKE=''
SE_FALSE='#'
SE_TRUE=''
SHELL='/bin/bash'
STRIP='strip'
SYSTEMD_FALSE=''
SYSTEMD_SYSTEMUNITDIR=''
SYSTEMD_TRUE='#'
SYSTEMD_USERUNITDIR=''
TEST_FALSE=''
TEST_TRUE='#'
TOOLS_FALSE='#'
TOOLS_TRUE=''
VERSION='0.15'
ac_ct_AR='ar'
ac_ct_CC='gcc'
ac_ct_DUMPBIN=''
am__EXEEXT_FALSE=''
am__EXEEXT_TRUE='#'
am__fastdepCC_FALSE='#'
am__fastdepCC_TRUE=''
am__include='include'
am__isrc=''
am__leading_dot='.'
am__nodep='_no'
am__quote=''
am__tar='$${TAR-tar} chof - "$$tardir"'
am__untar='$${TAR-tar} xf -'
bindir='${exec_prefix}/bin'
build='x86_64-unknown-linux-gnu'
build_alias=''
build_cpu='x86_64'
build_os='linux-gnu'
build_vendor='unknown'
datadir='${datarootdir}'
datarootdir='${prefix}/share'
docdir='${datarootdir}/doc/${PACKAGE_TARNAME}'
dvidir='${docdir}'
exec_prefix='${prefix}'
host='x86_64-unknown-linux-gnu'
host_alias=''
host_cpu='x86_64'
host_os='linux-gnu'
host_vendor='unknown'
htmldir='${docdir}'
includedir='${prefix}/include'
infodir='${datarootdir}/info'
install_sh='${SHELL} /home/sheen/NFC/neard/install-sh'
libdir='${prefix}/lib'
libexecdir='${exec_prefix}/libexec'
localedir='${datarootdir}/locale'
localstatedir='${prefix}/var'
mandir='${datarootdir}/man'
mkdir_p='$(MKDIR_P)'
oldincludedir='/usr/include'
pdfdir='${docdir}'
plugindir='${pkglibdir}/plugins'
prefix='/usr'
program_transform_name='s,x,x,'
psdir='${docdir}'
sbindir='${exec_prefix}/sbin'
se_plugindir='${pkglibdir}/plugins-se'
sharedstatedir='${prefix}/com'
sysconfdir='/etc'
target_alias=''

## ----------- ##
## confdefs.h. ##
## ----------- ##

/* confdefs.h */
#define PACKAGE_NAME "neard"
#define PACKAGE_TARNAME "neard"
#define PACKAGE_VERSION "0.15"
#define PACKAGE_STRING "neard 0.15"
#define PACKAGE_BUGREPORT "linux-nfc@lists.01.org"
#define PACKAGE_URL ""
#define PACKAGE "neard"
#define VERSION "0.15"
#define STDC_HEADERS 1
#define HAVE_SYS_TYPES_H 1
#define HAVE_SYS_STAT_H 1
#define HAVE_STDLIB_H 1
#define HAVE_STRING_H 1
#define HAVE_MEMORY_H 1
#define HAVE_STRINGS_H 1
#define HAVE_INTTYPES_H 1
#define HAVE_STDINT_H 1
#define HAVE_UNISTD_H 1
#define HAVE_DLFCN_H 1
#define LT_OBJDIR ".libs/"
#define NEED_LIBNL_COMPAT 1

configure: exit 0
